<?xml version="1.0" encoding="UTF-8"?>
<!-- Generated by org.testng.reporters.JUnitXMLReporter -->
<testsuite hostname="01250LT2368" name="Chrome_Browser" tests="20" failures="0" timestamp="19 Jan 2016 16:14:26 GMT" time="52.22" errors="0">
  <testcase name="verifyInvalidIDBlank" time="4.028" classname="testCase.TestCaseForLogin"/>
  <testcase name="verifyInvalidID" time="2.7" classname="testCase.TestCaseForLogin"/>
  <testcase name="verifyInvalidPassword" time="3.372" classname="testCase.TestCaseForLogin"/>
  <testcase name="validLogin" time="0.979" classname="testCase.TestCaseForLogin"/>
  <testcase name="verifyRemebarMeCheckBox" time="1.228" classname="testCase.TestCaseForLogin"/>
  <testcase name="logIn" time="4.971" classname="testCase.TestCaseForLogin"/>
  <testcase name="verifyTitle" time="0.277" classname="testCase.TestCaseForLogin"/>
  <testcase name="logout" time="0.518" classname="testCase.TestCaseForLogin"/>
  <testcase name="loginIntoApplication" time="5.973" classname="testCase.TestCaseForCreateMemberAcWithLogin"/>
  <testcase name="navigateToAccountPage" time="2.081" classname="testCase.TestCaseForCreateMemberAcWithLogin"/>
  <testcase name="enterBlankDataIntoMemberAc" time="0.937" classname="testCase.TestCaseForCreateMemberAcWithLogin"/>
  <testcase name="enterInvalidSsn" time="1.269" classname="testCase.TestCaseForCreateMemberAcWithLogin"/>
  <testcase name="enterInvalidDate" time="1.472" classname="testCase.TestCaseForCreateMemberAcWithLogin"/>
  <testcase name="enterInvalidEmail" time="1.452" classname="testCase.TestCaseForCreateMemberAcWithLogin"/>
  <testcase name="createAMemberAcWithValidData" time="2.486" classname="testCase.TestCaseForCreateMemberAcWithLogin"/>
  <testcase name="validLoginForNewAcCreate" time="11.245" classname="testCase.TestCaseForCreateIndiviualProviderAc"/>
  <testcase name="blankSubmit" time="2.79" classname="testCase.TestCaseForCreateIndiviualProviderAc"/>
  <testcase name="lastNameVerify" time="0.916" classname="testCase.TestCaseForCreateIndiviualProviderAc"/>
  <testcase name="EmailVerify" time="1.191" classname="testCase.TestCaseForCreateIndiviualProviderAc"/>
  <testcase name="createANewAcc" time="2.321" classname="testCase.TestCaseForCreateIndiviualProviderAc"/>
</testsuite> <!-- Chrome_Browser -->
