<?xml version="1.0" encoding="UTF-8"?>
<!-- Generated by org.testng.reporters.JUnitXMLReporter -->
<testsuite hostname="01250LT2368" name="FireFox_Browser" tests="20" failures="0" timestamp="19 Jan 2016 16:12:42 GMT" time="57.996" errors="0">
  <testcase name="verifyInvalidIDBlank" time="3.267" classname="testCase.TestCaseForLogin"/>
  <testcase name="verifyInvalidID" time="2.698" classname="testCase.TestCaseForLogin"/>
  <testcase name="verifyInvalidPassword" time="3.308" classname="testCase.TestCaseForLogin"/>
  <testcase name="validLogin" time="0.749" classname="testCase.TestCaseForLogin"/>
  <testcase name="verifyRemebarMeCheckBox" time="1.063" classname="testCase.TestCaseForLogin"/>
  <testcase name="logIn" time="7.885" classname="testCase.TestCaseForLogin"/>
  <testcase name="verifyTitle" time="0.237" classname="testCase.TestCaseForLogin"/>
  <testcase name="logout" time="0.502" classname="testCase.TestCaseForLogin"/>
  <testcase name="loginIntoApplication" time="6.428" classname="testCase.TestCaseForCreateMemberAcWithLogin"/>
  <testcase name="navigateToAccountPage" time="2.642" classname="testCase.TestCaseForCreateMemberAcWithLogin"/>
  <testcase name="enterBlankDataIntoMemberAc" time="1.311" classname="testCase.TestCaseForCreateMemberAcWithLogin"/>
  <testcase name="enterInvalidSsn" time="1.73" classname="testCase.TestCaseForCreateMemberAcWithLogin"/>
  <testcase name="enterInvalidDate" time="1.639" classname="testCase.TestCaseForCreateMemberAcWithLogin"/>
  <testcase name="enterInvalidEmail" time="1.686" classname="testCase.TestCaseForCreateMemberAcWithLogin"/>
  <testcase name="createAMemberAcWithValidData" time="2.959" classname="testCase.TestCaseForCreateMemberAcWithLogin"/>
  <testcase name="validLoginForNewAcCreate" time="11.004" classname="testCase.TestCaseForCreateIndiviualProviderAc"/>
  <testcase name="blankSubmit" time="2.954" classname="testCase.TestCaseForCreateIndiviualProviderAc"/>
  <testcase name="lastNameVerify" time="1.035" classname="testCase.TestCaseForCreateIndiviualProviderAc"/>
  <testcase name="EmailVerify" time="1.204" classname="testCase.TestCaseForCreateIndiviualProviderAc"/>
  <testcase name="createANewAcc" time="3.672" classname="testCase.TestCaseForCreateIndiviualProviderAc"/>
</testsuite> <!-- FireFox_Browser -->
