<?xml version="1.0" encoding="UTF-8"?>
<!-- Generated by org.testng.reporters.JUnitXMLReporter -->
<testsuite hostname="01250LT2368" name="IE_Browser" tests="20" failures="0" timestamp="19 Jan 2016 16:13:34 GMT" time="52.283" errors="0">
  <testcase name="verifyInvalidIDBlank" time="4.289" classname="testCase.TestCaseForLogin"/>
  <testcase name="verifyInvalidID" time="2.527" classname="testCase.TestCaseForLogin"/>
  <testcase name="verifyInvalidPassword" time="3.385" classname="testCase.TestCaseForLogin"/>
  <testcase name="validLogin" time="0.934" classname="testCase.TestCaseForLogin"/>
  <testcase name="verifyRemebarMeCheckBox" time="1.432" classname="testCase.TestCaseForLogin"/>
  <testcase name="logIn" time="4.992" classname="testCase.TestCaseForLogin"/>
  <testcase name="verifyTitle" time="0.315" classname="testCase.TestCaseForLogin"/>
  <testcase name="logout" time="0.717" classname="testCase.TestCaseForLogin"/>
  <testcase name="loginIntoApplication" time="5.886" classname="testCase.TestCaseForCreateMemberAcWithLogin"/>
  <testcase name="navigateToAccountPage" time="2.315" classname="testCase.TestCaseForCreateMemberAcWithLogin"/>
  <testcase name="enterBlankDataIntoMemberAc" time="0.992" classname="testCase.TestCaseForCreateMemberAcWithLogin"/>
  <testcase name="enterInvalidSsn" time="1.427" classname="testCase.TestCaseForCreateMemberAcWithLogin"/>
  <testcase name="enterInvalidDate" time="1.628" classname="testCase.TestCaseForCreateMemberAcWithLogin"/>
  <testcase name="enterInvalidEmail" time="1.41" classname="testCase.TestCaseForCreateMemberAcWithLogin"/>
  <testcase name="createAMemberAcWithValidData" time="2.481" classname="testCase.TestCaseForCreateMemberAcWithLogin"/>
  <testcase name="validLoginForNewAcCreate" time="10.84" classname="testCase.TestCaseForCreateIndiviualProviderAc"/>
  <testcase name="blankSubmit" time="2.714" classname="testCase.TestCaseForCreateIndiviualProviderAc"/>
  <testcase name="lastNameVerify" time="0.85" classname="testCase.TestCaseForCreateIndiviualProviderAc"/>
  <testcase name="EmailVerify" time="1.033" classname="testCase.TestCaseForCreateIndiviualProviderAc"/>
  <testcase name="createANewAcc" time="2.1" classname="testCase.TestCaseForCreateIndiviualProviderAc"/>
</testsuite> <!-- IE_Browser -->
