<?xml version="1.0" encoding="UTF-8"?>
<!-- Generated by org.testng.reporters.JUnitXMLReporter -->
<testsuite hostname="01250LT2368" name="Test2" tests="20" failures="0" timestamp="19 Jan 2016 16:26:49 GMT" time="52.58" errors="0">
  <testcase name="verifyInvalidIDBlank" time="4.265" classname="testCase.TestCaseForLogin"/>
  <testcase name="verifyInvalidID" time="2.423" classname="testCase.TestCaseForLogin"/>
  <testcase name="verifyInvalidPassword" time="3.33" classname="testCase.TestCaseForLogin"/>
  <testcase name="validLogin" time="0.874" classname="testCase.TestCaseForLogin"/>
  <testcase name="verifyRemebarMeCheckBox" time="1.155" classname="testCase.TestCaseForLogin"/>
  <testcase name="logIn" time="4.937" classname="testCase.TestCaseForLogin"/>
  <testcase name="verifyTitle" time="0.241" classname="testCase.TestCaseForLogin"/>
  <testcase name="logout" time="0.538" classname="testCase.TestCaseForLogin"/>
  <testcase name="loginIntoApplication" time="6.001" classname="testCase.TestCaseForCreateMemberAcWithLogin"/>
  <testcase name="navigateToAccountPage" time="2.174" classname="testCase.TestCaseForCreateMemberAcWithLogin"/>
  <testcase name="enterBlankDataIntoMemberAc" time="0.948" classname="testCase.TestCaseForCreateMemberAcWithLogin"/>
  <testcase name="enterInvalidSsn" time="1.51" classname="testCase.TestCaseForCreateMemberAcWithLogin"/>
  <testcase name="enterInvalidDate" time="1.769" classname="testCase.TestCaseForCreateMemberAcWithLogin"/>
  <testcase name="enterInvalidEmail" time="1.481" classname="testCase.TestCaseForCreateMemberAcWithLogin"/>
  <testcase name="createAMemberAcWithValidData" time="2.811" classname="testCase.TestCaseForCreateMemberAcWithLogin"/>
  <testcase name="validLoginForNewAcCreate" time="11.2" classname="testCase.TestCaseForCreateIndiviualProviderAc"/>
  <testcase name="blankSubmit" time="2.784" classname="testCase.TestCaseForCreateIndiviualProviderAc"/>
  <testcase name="lastNameVerify" time="0.909" classname="testCase.TestCaseForCreateIndiviualProviderAc"/>
  <testcase name="EmailVerify" time="1.087" classname="testCase.TestCaseForCreateIndiviualProviderAc"/>
  <testcase name="createANewAcc" time="2.13" classname="testCase.TestCaseForCreateIndiviualProviderAc"/>
</testsuite> <!-- Test2 -->
