<?xml version="1.0" encoding="UTF-8"?>
<!-- Generated by org.testng.reporters.JUnitXMLReporter -->
<testsuite hostname="01250LT2368" name="Test" tests="22" failures="0" timestamp="19 Jan 2016 15:31:53 GMT" time="0.029" errors="0">
  <testcase name="verifyInvalidIDBlank" time="0.005" classname="testCase.TestCaseForLogin">
    <skipped/>
  </testcase> <!-- verifyInvalidIDBlank -->
  <testcase name="loginIntoApplication" time="0.0" classname="testCase.TestCaseForCreateMemberAcWithLogin">
    <skipped/>
  </testcase> <!-- loginIntoApplication -->
  <testcase name="validLoginForNewAcCreate" time="0.0" classname="testCase.TestCaseForCreateIndiviualProviderAc">
    <skipped/>
  </testcase> <!-- validLoginForNewAcCreate -->
  <testcase name="validLoginForNewAcCreate" time="0.001" classname="testCase.TestCaseForCreateNonIndiviualProviderAc">
    <skipped/>
  </testcase> <!-- validLoginForNewAcCreate -->
  <testcase name="verifyInvalidID" time="0.0" classname="testCase.TestCaseForLogin">
    <skipped/>
  </testcase> <!-- verifyInvalidID -->
  <testcase name="navigateToAccountPage" time="0.0" classname="testCase.TestCaseForCreateMemberAcWithLogin">
    <skipped/>
  </testcase> <!-- navigateToAccountPage -->
  <testcase name="blankSubmit" time="0.0" classname="testCase.TestCaseForCreateIndiviualProviderAc">
    <skipped/>
  </testcase> <!-- blankSubmit -->
  <testcase name="blankSubmit" time="0.0" classname="testCase.TestCaseForCreateNonIndiviualProviderAc">
    <skipped/>
  </testcase> <!-- blankSubmit -->
  <testcase name="verifyInvalidPassword" time="0.001" classname="testCase.TestCaseForLogin">
    <skipped/>
  </testcase> <!-- verifyInvalidPassword -->
  <testcase name="enterBlankDataIntoMemberAc" time="0.0" classname="testCase.TestCaseForCreateMemberAcWithLogin">
    <skipped/>
  </testcase> <!-- enterBlankDataIntoMemberAc -->
  <testcase name="lastNameVerify" time="0.001" classname="testCase.TestCaseForCreateIndiviualProviderAc">
    <skipped/>
  </testcase> <!-- lastNameVerify -->
  <testcase name="validLogin" time="0.0" classname="testCase.TestCaseForLogin">
    <skipped/>
  </testcase> <!-- validLogin -->
  <testcase name="enterInvalidSsn" time="0.0" classname="testCase.TestCaseForCreateMemberAcWithLogin">
    <skipped/>
  </testcase> <!-- enterInvalidSsn -->
  <testcase name="EmailVerify" time="0.0" classname="testCase.TestCaseForCreateIndiviualProviderAc">
    <skipped/>
  </testcase> <!-- EmailVerify -->
  <testcase name="verifyRemebarMeCheckBox" time="0.0" classname="testCase.TestCaseForLogin">
    <skipped/>
  </testcase> <!-- verifyRemebarMeCheckBox -->
  <testcase name="enterInvalidDate" time="0.0" classname="testCase.TestCaseForCreateMemberAcWithLogin">
    <skipped/>
  </testcase> <!-- enterInvalidDate -->
  <testcase name="createANewAcc" time="0.0" classname="testCase.TestCaseForCreateIndiviualProviderAc">
    <skipped/>
  </testcase> <!-- createANewAcc -->
  <testcase name="logIn" time="0.0" classname="testCase.TestCaseForLogin">
    <skipped/>
  </testcase> <!-- logIn -->
  <testcase name="enterInvalidEmail" time="0.0" classname="testCase.TestCaseForCreateMemberAcWithLogin">
    <skipped/>
  </testcase> <!-- enterInvalidEmail -->
  <testcase name="verifyTitle" time="0.0" classname="testCase.TestCaseForLogin">
    <skipped/>
  </testcase> <!-- verifyTitle -->
  <testcase name="createAMemberAcWithValidData" time="0.0" classname="testCase.TestCaseForCreateMemberAcWithLogin">
    <skipped/>
  </testcase> <!-- createAMemberAcWithValidData -->
  <testcase name="logout" time="0.0" classname="testCase.TestCaseForLogin">
    <skipped/>
  </testcase> <!-- logout -->
</testsuite> <!-- Test -->
