<?xml version="1.0" encoding="UTF-8"?>
<!-- Generated by org.testng.reporters.JUnitXMLReporter -->
<testsuite hostname="01250LT2368" name="Test3" tests="20" failures="0" timestamp="19 Jan 2016 16:27:43 GMT" time="53.907" errors="0">
  <testcase name="verifyInvalidIDBlank" time="3.946" classname="testCase.TestCaseForLogin"/>
  <testcase name="verifyInvalidID" time="2.614" classname="testCase.TestCaseForLogin"/>
  <testcase name="verifyInvalidPassword" time="3.118" classname="testCase.TestCaseForLogin"/>
  <testcase name="validLogin" time="0.905" classname="testCase.TestCaseForLogin"/>
  <testcase name="verifyRemebarMeCheckBox" time="1.266" classname="testCase.TestCaseForLogin"/>
  <testcase name="logIn" time="5.082" classname="testCase.TestCaseForLogin"/>
  <testcase name="verifyTitle" time="0.221" classname="testCase.TestCaseForLogin"/>
  <testcase name="logout" time="0.478" classname="testCase.TestCaseForLogin"/>
  <testcase name="loginIntoApplication" time="6.027" classname="testCase.TestCaseForCreateMemberAcWithLogin"/>
  <testcase name="navigateToAccountPage" time="2.062" classname="testCase.TestCaseForCreateMemberAcWithLogin"/>
  <testcase name="enterBlankDataIntoMemberAc" time="1.128" classname="testCase.TestCaseForCreateMemberAcWithLogin"/>
  <testcase name="enterInvalidSsn" time="1.781" classname="testCase.TestCaseForCreateMemberAcWithLogin"/>
  <testcase name="enterInvalidDate" time="1.749" classname="testCase.TestCaseForCreateMemberAcWithLogin"/>
  <testcase name="enterInvalidEmail" time="1.666" classname="testCase.TestCaseForCreateMemberAcWithLogin"/>
  <testcase name="createAMemberAcWithValidData" time="2.738" classname="testCase.TestCaseForCreateMemberAcWithLogin"/>
  <testcase name="validLoginForNewAcCreate" time="11.753" classname="testCase.TestCaseForCreateIndiviualProviderAc"/>
  <testcase name="blankSubmit" time="2.765" classname="testCase.TestCaseForCreateIndiviualProviderAc"/>
  <testcase name="lastNameVerify" time="0.989" classname="testCase.TestCaseForCreateIndiviualProviderAc"/>
  <testcase name="EmailVerify" time="1.129" classname="testCase.TestCaseForCreateIndiviualProviderAc"/>
  <testcase name="createANewAcc" time="2.475" classname="testCase.TestCaseForCreateIndiviualProviderAc"/>
</testsuite> <!-- Test3 -->
