<?xml version="1.0" encoding="UTF-8"?>
<testng-results skipped="0" failed="0" total="60" passed="60">
  <reporter-output>
  </reporter-output>
  <suite name="Suite" duration-ms="171791" started-at="2016-01-19T16:24:51Z" finished-at="2016-01-19T16:27:43Z">
    <groups>
    </groups>
    <test name="Test1" duration-ms="65245" started-at="2016-01-19T16:24:51Z" finished-at="2016-01-19T16:25:56Z">
      <class name="testCase.TestCaseForLogin">
        <test-method status="PASS" signature="verifyInvalidIDBlank()[pri:0, instance:testCase.TestCaseForLogin@8bc3d5]" name="verifyInvalidIDBlank" duration-ms="2783" started-at="2016-01-19T11:24:51Z" finished-at="2016-01-19T11:24:54Z">
          <reporter-output>
          </reporter-output>
        </test-method> <!-- verifyInvalidIDBlank -->
        <test-method status="PASS" signature="verifyInvalidID()[pri:0, instance:testCase.TestCaseForLogin@8bc3d5]" name="verifyInvalidID" duration-ms="2618" started-at="2016-01-19T11:24:54Z" finished-at="2016-01-19T11:24:57Z">
          <reporter-output>
          </reporter-output>
        </test-method> <!-- verifyInvalidID -->
        <test-method status="PASS" signature="verifyInvalidPassword()[pri:0, instance:testCase.TestCaseForLogin@8bc3d5]" name="verifyInvalidPassword" duration-ms="2980" started-at="2016-01-19T11:24:57Z" finished-at="2016-01-19T11:25:00Z">
          <reporter-output>
          </reporter-output>
        </test-method> <!-- verifyInvalidPassword -->
        <test-method status="PASS" signature="validLogin()[pri:0, instance:testCase.TestCaseForLogin@8bc3d5]" name="validLogin" duration-ms="758" started-at="2016-01-19T11:25:00Z" finished-at="2016-01-19T11:25:00Z">
          <reporter-output>
          </reporter-output>
        </test-method> <!-- validLogin -->
        <test-method status="PASS" signature="verifyRemebarMeCheckBox()[pri:0, instance:testCase.TestCaseForLogin@8bc3d5]" name="verifyRemebarMeCheckBox" duration-ms="1143" started-at="2016-01-19T11:25:00Z" finished-at="2016-01-19T11:25:01Z">
          <reporter-output>
          </reporter-output>
        </test-method> <!-- verifyRemebarMeCheckBox -->
        <test-method status="PASS" signature="logIn()[pri:0, instance:testCase.TestCaseForLogin@8bc3d5]" name="logIn" duration-ms="18076" started-at="2016-01-19T11:25:01Z" finished-at="2016-01-19T11:25:20Z">
          <reporter-output>
          </reporter-output>
        </test-method> <!-- logIn -->
        <test-method status="PASS" signature="verifyTitle()[pri:0, instance:testCase.TestCaseForLogin@8bc3d5]" name="verifyTitle" duration-ms="246" started-at="2016-01-19T11:25:20Z" finished-at="2016-01-19T11:25:20Z">
          <reporter-output>
          </reporter-output>
        </test-method> <!-- verifyTitle -->
        <test-method status="PASS" signature="logout()[pri:0, instance:testCase.TestCaseForLogin@8bc3d5]" name="logout" duration-ms="515" started-at="2016-01-19T11:25:20Z" finished-at="2016-01-19T11:25:20Z">
          <reporter-output>
          </reporter-output>
        </test-method> <!-- logout -->
      </class> <!-- testCase.TestCaseForLogin -->
      <class name="testCase.TestCaseForCreateIndiviualProviderAc">
        <test-method status="PASS" signature="validLoginForNewAcCreate()[pri:0, instance:testCase.TestCaseForCreateIndiviualProviderAc@6ae04d]" name="validLoginForNewAcCreate" duration-ms="10797" started-at="2016-01-19T11:25:38Z" finished-at="2016-01-19T11:25:49Z">
          <reporter-output>
          </reporter-output>
        </test-method> <!-- validLoginForNewAcCreate -->
        <test-method status="PASS" signature="blankSubmit()[pri:0, instance:testCase.TestCaseForCreateIndiviualProviderAc@6ae04d]" name="blankSubmit" duration-ms="2892" started-at="2016-01-19T11:25:49Z" finished-at="2016-01-19T11:25:52Z">
          <reporter-output>
          </reporter-output>
        </test-method> <!-- blankSubmit -->
        <test-method status="PASS" signature="lastNameVerify()[pri:0, instance:testCase.TestCaseForCreateIndiviualProviderAc@6ae04d]" name="lastNameVerify" duration-ms="970" started-at="2016-01-19T11:25:52Z" finished-at="2016-01-19T11:25:53Z">
          <reporter-output>
          </reporter-output>
        </test-method> <!-- lastNameVerify -->
        <test-method status="PASS" signature="EmailVerify()[pri:0, instance:testCase.TestCaseForCreateIndiviualProviderAc@6ae04d]" name="EmailVerify" duration-ms="1084" started-at="2016-01-19T11:25:53Z" finished-at="2016-01-19T11:25:54Z">
          <reporter-output>
          </reporter-output>
        </test-method> <!-- EmailVerify -->
        <test-method status="PASS" signature="createANewAcc()[pri:0, instance:testCase.TestCaseForCreateIndiviualProviderAc@6ae04d]" name="createANewAcc" duration-ms="2396" started-at="2016-01-19T11:25:54Z" finished-at="2016-01-19T11:25:56Z">
          <reporter-output>
          </reporter-output>
        </test-method> <!-- createANewAcc -->
      </class> <!-- testCase.TestCaseForCreateIndiviualProviderAc -->
      <class name="testCase.TestCaseForCreateMemberAcWithLogin">
        <test-method status="PASS" signature="loginIntoApplication()[pri:0, instance:testCase.TestCaseForCreateMemberAcWithLogin@6a3f77]" name="loginIntoApplication" duration-ms="6187" started-at="2016-01-19T11:25:20Z" finished-at="2016-01-19T11:25:27Z">
          <reporter-output>
          </reporter-output>
        </test-method> <!-- loginIntoApplication -->
        <test-method status="PASS" signature="navigateToAccountPage()[pri:0, instance:testCase.TestCaseForCreateMemberAcWithLogin@6a3f77]" name="navigateToAccountPage" duration-ms="2554" started-at="2016-01-19T11:25:27Z" finished-at="2016-01-19T11:25:29Z">
          <reporter-output>
          </reporter-output>
        </test-method> <!-- navigateToAccountPage -->
        <test-method status="PASS" signature="enterBlankDataIntoMemberAc()[pri:0, instance:testCase.TestCaseForCreateMemberAcWithLogin@6a3f77]" name="enterBlankDataIntoMemberAc" duration-ms="1229" started-at="2016-01-19T11:25:29Z" finished-at="2016-01-19T11:25:30Z">
          <reporter-output>
          </reporter-output>
        </test-method> <!-- enterBlankDataIntoMemberAc -->
        <test-method status="PASS" signature="enterInvalidSsn()[pri:0, instance:testCase.TestCaseForCreateMemberAcWithLogin@6a3f77]" name="enterInvalidSsn" duration-ms="1520" started-at="2016-01-19T11:25:30Z" finished-at="2016-01-19T11:25:32Z">
          <reporter-output>
          </reporter-output>
        </test-method> <!-- enterInvalidSsn -->
        <test-method status="PASS" signature="enterInvalidDate()[pri:0, instance:testCase.TestCaseForCreateMemberAcWithLogin@6a3f77]" name="enterInvalidDate" duration-ms="1550" started-at="2016-01-19T11:25:32Z" finished-at="2016-01-19T11:25:33Z">
          <reporter-output>
          </reporter-output>
        </test-method> <!-- enterInvalidDate -->
        <test-method status="PASS" signature="enterInvalidEmail()[pri:0, instance:testCase.TestCaseForCreateMemberAcWithLogin@6a3f77]" name="enterInvalidEmail" duration-ms="1508" started-at="2016-01-19T11:25:33Z" finished-at="2016-01-19T11:25:35Z">
          <reporter-output>
          </reporter-output>
        </test-method> <!-- enterInvalidEmail -->
        <test-method status="PASS" signature="createAMemberAcWithValidData()[pri:0, instance:testCase.TestCaseForCreateMemberAcWithLogin@6a3f77]" name="createAMemberAcWithValidData" duration-ms="3417" started-at="2016-01-19T11:25:35Z" finished-at="2016-01-19T11:25:38Z">
          <reporter-output>
          </reporter-output>
        </test-method> <!-- createAMemberAcWithValidData -->
      </class> <!-- testCase.TestCaseForCreateMemberAcWithLogin -->
    </test> <!-- Test1 -->
    <test name="Test2" duration-ms="52580" started-at="2016-01-19T16:25:56Z" finished-at="2016-01-19T16:26:49Z">
      <class name="testCase.TestCaseForLogin">
        <test-method status="PASS" signature="verifyInvalidIDBlank()[pri:0, instance:testCase.TestCaseForLogin@17c74e5]" name="verifyInvalidIDBlank" duration-ms="4265" started-at="2016-01-19T11:25:56Z" finished-at="2016-01-19T11:26:01Z">
          <reporter-output>
          </reporter-output>
        </test-method> <!-- verifyInvalidIDBlank -->
        <test-method status="PASS" signature="verifyInvalidID()[pri:0, instance:testCase.TestCaseForLogin@17c74e5]" name="verifyInvalidID" duration-ms="2423" started-at="2016-01-19T11:26:01Z" finished-at="2016-01-19T11:26:03Z">
          <reporter-output>
          </reporter-output>
        </test-method> <!-- verifyInvalidID -->
        <test-method status="PASS" signature="verifyInvalidPassword()[pri:0, instance:testCase.TestCaseForLogin@17c74e5]" name="verifyInvalidPassword" duration-ms="3330" started-at="2016-01-19T11:26:03Z" finished-at="2016-01-19T11:26:07Z">
          <reporter-output>
          </reporter-output>
        </test-method> <!-- verifyInvalidPassword -->
        <test-method status="PASS" signature="validLogin()[pri:0, instance:testCase.TestCaseForLogin@17c74e5]" name="validLogin" duration-ms="874" started-at="2016-01-19T11:26:07Z" finished-at="2016-01-19T11:26:07Z">
          <reporter-output>
          </reporter-output>
        </test-method> <!-- validLogin -->
        <test-method status="PASS" signature="verifyRemebarMeCheckBox()[pri:0, instance:testCase.TestCaseForLogin@17c74e5]" name="verifyRemebarMeCheckBox" duration-ms="1155" started-at="2016-01-19T11:26:07Z" finished-at="2016-01-19T11:26:09Z">
          <reporter-output>
          </reporter-output>
        </test-method> <!-- verifyRemebarMeCheckBox -->
        <test-method status="PASS" signature="logIn()[pri:0, instance:testCase.TestCaseForLogin@17c74e5]" name="logIn" duration-ms="4937" started-at="2016-01-19T11:26:09Z" finished-at="2016-01-19T11:26:13Z">
          <reporter-output>
          </reporter-output>
        </test-method> <!-- logIn -->
        <test-method status="PASS" signature="verifyTitle()[pri:0, instance:testCase.TestCaseForLogin@17c74e5]" name="verifyTitle" duration-ms="241" started-at="2016-01-19T11:26:13Z" finished-at="2016-01-19T11:26:14Z">
          <reporter-output>
          </reporter-output>
        </test-method> <!-- verifyTitle -->
        <test-method status="PASS" signature="logout()[pri:0, instance:testCase.TestCaseForLogin@17c74e5]" name="logout" duration-ms="538" started-at="2016-01-19T11:26:14Z" finished-at="2016-01-19T11:26:14Z">
          <reporter-output>
          </reporter-output>
        </test-method> <!-- logout -->
      </class> <!-- testCase.TestCaseForLogin -->
      <class name="testCase.TestCaseForCreateIndiviualProviderAc">
        <test-method status="PASS" signature="validLoginForNewAcCreate()[pri:0, instance:testCase.TestCaseForCreateIndiviualProviderAc@1b6d4ae]" name="validLoginForNewAcCreate" duration-ms="11200" started-at="2016-01-19T11:26:31Z" finished-at="2016-01-19T11:26:42Z">
          <reporter-output>
          </reporter-output>
        </test-method> <!-- validLoginForNewAcCreate -->
        <test-method status="PASS" signature="blankSubmit()[pri:0, instance:testCase.TestCaseForCreateIndiviualProviderAc@1b6d4ae]" name="blankSubmit" duration-ms="2784" started-at="2016-01-19T11:26:42Z" finished-at="2016-01-19T11:26:45Z">
          <reporter-output>
          </reporter-output>
        </test-method> <!-- blankSubmit -->
        <test-method status="PASS" signature="lastNameVerify()[pri:0, instance:testCase.TestCaseForCreateIndiviualProviderAc@1b6d4ae]" name="lastNameVerify" duration-ms="909" started-at="2016-01-19T11:26:45Z" finished-at="2016-01-19T11:26:46Z">
          <reporter-output>
          </reporter-output>
        </test-method> <!-- lastNameVerify -->
        <test-method status="PASS" signature="EmailVerify()[pri:0, instance:testCase.TestCaseForCreateIndiviualProviderAc@1b6d4ae]" name="EmailVerify" duration-ms="1087" started-at="2016-01-19T11:26:46Z" finished-at="2016-01-19T11:26:47Z">
          <reporter-output>
          </reporter-output>
        </test-method> <!-- EmailVerify -->
        <test-method status="PASS" signature="createANewAcc()[pri:0, instance:testCase.TestCaseForCreateIndiviualProviderAc@1b6d4ae]" name="createANewAcc" duration-ms="2130" started-at="2016-01-19T11:26:47Z" finished-at="2016-01-19T11:26:49Z">
          <reporter-output>
          </reporter-output>
        </test-method> <!-- createANewAcc -->
      </class> <!-- testCase.TestCaseForCreateIndiviualProviderAc -->
      <class name="testCase.TestCaseForCreateMemberAcWithLogin">
        <test-method status="PASS" signature="loginIntoApplication()[pri:0, instance:testCase.TestCaseForCreateMemberAcWithLogin@137cf78]" name="loginIntoApplication" duration-ms="6001" started-at="2016-01-19T11:26:14Z" finished-at="2016-01-19T11:26:20Z">
          <reporter-output>
          </reporter-output>
        </test-method> <!-- loginIntoApplication -->
        <test-method status="PASS" signature="navigateToAccountPage()[pri:0, instance:testCase.TestCaseForCreateMemberAcWithLogin@137cf78]" name="navigateToAccountPage" duration-ms="2174" started-at="2016-01-19T11:26:20Z" finished-at="2016-01-19T11:26:22Z">
          <reporter-output>
          </reporter-output>
        </test-method> <!-- navigateToAccountPage -->
        <test-method status="PASS" signature="enterBlankDataIntoMemberAc()[pri:0, instance:testCase.TestCaseForCreateMemberAcWithLogin@137cf78]" name="enterBlankDataIntoMemberAc" duration-ms="948" started-at="2016-01-19T11:26:22Z" finished-at="2016-01-19T11:26:23Z">
          <reporter-output>
          </reporter-output>
        </test-method> <!-- enterBlankDataIntoMemberAc -->
        <test-method status="PASS" signature="enterInvalidSsn()[pri:0, instance:testCase.TestCaseForCreateMemberAcWithLogin@137cf78]" name="enterInvalidSsn" duration-ms="1510" started-at="2016-01-19T11:26:23Z" finished-at="2016-01-19T11:26:25Z">
          <reporter-output>
          </reporter-output>
        </test-method> <!-- enterInvalidSsn -->
        <test-method status="PASS" signature="enterInvalidDate()[pri:0, instance:testCase.TestCaseForCreateMemberAcWithLogin@137cf78]" name="enterInvalidDate" duration-ms="1769" started-at="2016-01-19T11:26:25Z" finished-at="2016-01-19T11:26:27Z">
          <reporter-output>
          </reporter-output>
        </test-method> <!-- enterInvalidDate -->
        <test-method status="PASS" signature="enterInvalidEmail()[pri:0, instance:testCase.TestCaseForCreateMemberAcWithLogin@137cf78]" name="enterInvalidEmail" duration-ms="1481" started-at="2016-01-19T11:26:27Z" finished-at="2016-01-19T11:26:28Z">
          <reporter-output>
          </reporter-output>
        </test-method> <!-- enterInvalidEmail -->
        <test-method status="PASS" signature="createAMemberAcWithValidData()[pri:0, instance:testCase.TestCaseForCreateMemberAcWithLogin@137cf78]" name="createAMemberAcWithValidData" duration-ms="2811" started-at="2016-01-19T11:26:28Z" finished-at="2016-01-19T11:26:31Z">
          <reporter-output>
          </reporter-output>
        </test-method> <!-- createAMemberAcWithValidData -->
      </class> <!-- testCase.TestCaseForCreateMemberAcWithLogin -->
    </test> <!-- Test2 -->
    <test name="Test3" duration-ms="53907" started-at="2016-01-19T16:26:49Z" finished-at="2016-01-19T16:27:43Z">
      <class name="testCase.TestCaseForLogin">
        <test-method status="PASS" signature="openBrowser(java.lang.String)[pri:0, instance:testCase.TestCaseForLogin@a097cc]" name="openBrowser" is-config="true" duration-ms="8786" started-at="2016-01-19T11:24:42Z" finished-at="2016-01-19T11:24:51Z">
          <params>
            <param index="0">
              <value>
                <![CDATA[Chrome]]>
              </value>
            </param>
          </params>
          <reporter-output>
          </reporter-output>
        </test-method> <!-- openBrowser -->
        <test-method status="PASS" signature="verifyInvalidIDBlank()[pri:0, instance:testCase.TestCaseForLogin@a097cc]" name="verifyInvalidIDBlank" duration-ms="3946" started-at="2016-01-19T11:26:49Z" finished-at="2016-01-19T11:26:53Z">
          <reporter-output>
          </reporter-output>
        </test-method> <!-- verifyInvalidIDBlank -->
        <test-method status="PASS" signature="verifyInvalidID()[pri:0, instance:testCase.TestCaseForLogin@a097cc]" name="verifyInvalidID" duration-ms="2614" started-at="2016-01-19T11:26:53Z" finished-at="2016-01-19T11:26:56Z">
          <reporter-output>
          </reporter-output>
        </test-method> <!-- verifyInvalidID -->
        <test-method status="PASS" signature="verifyInvalidPassword()[pri:0, instance:testCase.TestCaseForLogin@a097cc]" name="verifyInvalidPassword" duration-ms="3118" started-at="2016-01-19T11:26:56Z" finished-at="2016-01-19T11:26:59Z">
          <reporter-output>
          </reporter-output>
        </test-method> <!-- verifyInvalidPassword -->
        <test-method status="PASS" signature="validLogin()[pri:0, instance:testCase.TestCaseForLogin@a097cc]" name="validLogin" duration-ms="905" started-at="2016-01-19T11:26:59Z" finished-at="2016-01-19T11:27:00Z">
          <reporter-output>
          </reporter-output>
        </test-method> <!-- validLogin -->
        <test-method status="PASS" signature="verifyRemebarMeCheckBox()[pri:0, instance:testCase.TestCaseForLogin@a097cc]" name="verifyRemebarMeCheckBox" duration-ms="1266" started-at="2016-01-19T11:27:00Z" finished-at="2016-01-19T11:27:01Z">
          <reporter-output>
          </reporter-output>
        </test-method> <!-- verifyRemebarMeCheckBox -->
        <test-method status="PASS" signature="logIn()[pri:0, instance:testCase.TestCaseForLogin@a097cc]" name="logIn" duration-ms="5082" started-at="2016-01-19T11:27:01Z" finished-at="2016-01-19T11:27:06Z">
          <reporter-output>
          </reporter-output>
        </test-method> <!-- logIn -->
        <test-method status="PASS" signature="verifyTitle()[pri:0, instance:testCase.TestCaseForLogin@a097cc]" name="verifyTitle" duration-ms="221" started-at="2016-01-19T11:27:06Z" finished-at="2016-01-19T11:27:06Z">
          <reporter-output>
          </reporter-output>
        </test-method> <!-- verifyTitle -->
        <test-method status="PASS" signature="logout()[pri:0, instance:testCase.TestCaseForLogin@a097cc]" name="logout" duration-ms="478" started-at="2016-01-19T11:27:06Z" finished-at="2016-01-19T11:27:07Z">
          <reporter-output>
          </reporter-output>
        </test-method> <!-- logout -->
        <test-method status="FAIL" signature="tearDown()[pri:0, instance:testCase.TestCaseForLogin@a097cc]" name="tearDown" is-config="true" duration-ms="0" started-at="2016-01-19T11:27:43Z" finished-at="2016-01-19T11:27:43Z">
          <exception class="org.openqa.selenium.remote.UnreachableBrowserException">
            <message>
              <![CDATA[Error communicating with the remote browser. It may have died.
Build info: version: '2.48.2', revision: '41bccdd', time: '2015-10-09 19:55:52'
System info: host: '01250LT2368', ip: '10.8.44.138', os.name: 'Windows 7', os.arch: 'x86', os.version: '6.1', java.version: '1.8.0_60'
Driver info: driver.version: RemoteWebDriver]]>
            </message>
            <full-stacktrace>
              <![CDATA[org.openqa.selenium.remote.UnreachableBrowserException: Error communicating with the remote browser. It may have died.
Build info: version: '2.48.2', revision: '41bccdd', time: '2015-10-09 19:55:52'
System info: host: '01250LT2368', ip: '10.8.44.138', os.name: 'Windows 7', os.arch: 'x86', os.version: '6.1', java.version: '1.8.0_60'
Driver info: driver.version: RemoteWebDriver
	at org.openqa.selenium.remote.RemoteWebDriver.execute(RemoteWebDriver.java:641)
	at org.openqa.selenium.remote.RemoteWebDriver.execute(RemoteWebDriver.java:670)
	at org.openqa.selenium.remote.RemoteWebDriver.quit(RemoteWebDriver.java:516)
	at utilities.StartUp.tearDown(StartUp.java:81)
	at sun.reflect.NativeMethodAccessorImpl.invoke0(Native Method)
	at sun.reflect.NativeMethodAccessorImpl.invoke(Unknown Source)
	at sun.reflect.DelegatingMethodAccessorImpl.invoke(Unknown Source)
	at java.lang.reflect.Method.invoke(Unknown Source)
	at org.testng.internal.MethodInvocationHelper.invokeMethod(MethodInvocationHelper.java:85)
	at org.testng.internal.Invoker.invokeConfigurationMethod(Invoker.java:510)
	at org.testng.internal.Invoker.invokeConfigurations(Invoker.java:211)
	at org.testng.internal.Invoker.invokeConfigurations(Invoker.java:138)
	at org.testng.SuiteRunner.privateRun(SuiteRunner.java:327)
	at org.testng.SuiteRunner.run(SuiteRunner.java:259)
	at org.testng.SuiteRunnerWorker.runSuite(SuiteRunnerWorker.java:52)
	at org.testng.SuiteRunnerWorker.run(SuiteRunnerWorker.java:86)
	at org.testng.TestNG.runSuitesSequentially(TestNG.java:1185)
	at org.testng.TestNG.runSuitesLocally(TestNG.java:1110)
	at org.testng.TestNG.run(TestNG.java:1018)
	at org.testng.remote.RemoteTestNG.run(RemoteTestNG.java:111)
	at org.testng.remote.RemoteTestNG.initAndRun(RemoteTestNG.java:204)
	at org.testng.remote.RemoteTestNG.main(RemoteTestNG.java:175)
Caused by: java.lang.RuntimeException: Process refused to die after 10 seconds, and couldn't taskkill it: Unable to find executable for: taskkill
	at org.openqa.selenium.os.ProcessUtils.killWinProcess(ProcessUtils.java:142)
	at org.openqa.selenium.os.ProcessUtils.killProcess(ProcessUtils.java:81)
	at org.openqa.selenium.os.UnixProcess$SeleniumWatchDog.destroyHarder(UnixProcess.java:247)
	at org.openqa.selenium.os.UnixProcess$SeleniumWatchDog.access$2(UnixProcess.java:246)
	at org.openqa.selenium.os.UnixProcess.destroy(UnixProcess.java:125)
	at org.openqa.selenium.os.CommandLine.destroy(CommandLine.java:155)
	at org.openqa.selenium.remote.service.DriverService.stop(DriverService.java:196)
	at org.openqa.selenium.remote.service.DriverCommandExecutor.execute(DriverCommandExecutor.java:94)
	at org.openqa.selenium.remote.RemoteWebDriver.execute(RemoteWebDriver.java:620)
	... 21 more
Caused by: java.lang.NullPointerException: Unable to find executable for: taskkill
	at com.google.common.base.Preconditions.checkNotNull(Preconditions.java:250)
	at org.openqa.selenium.os.UnixProcess.<init>(UnixProcess.java:62)
	at org.openqa.selenium.os.CommandLine.<init>(CommandLine.java:38)
	at org.openqa.selenium.os.WindowsUtils.killPID(WindowsUtils.java:178)
	at org.openqa.selenium.os.ProcessUtils.killWinProcess(ProcessUtils.java:138)
	... 29 more
]]>
            </full-stacktrace>
          </exception> <!-- org.openqa.selenium.remote.UnreachableBrowserException -->
          <reporter-output>
          </reporter-output>
        </test-method> <!-- tearDown -->
      </class> <!-- testCase.TestCaseForLogin -->
      <class name="testCase.TestCaseForCreateIndiviualProviderAc">
        <test-method status="PASS" signature="validLoginForNewAcCreate()[pri:0, instance:testCase.TestCaseForCreateIndiviualProviderAc@61f5df]" name="validLoginForNewAcCreate" duration-ms="11753" started-at="2016-01-19T11:27:24Z" finished-at="2016-01-19T11:27:36Z">
          <reporter-output>
          </reporter-output>
        </test-method> <!-- validLoginForNewAcCreate -->
        <test-method status="PASS" signature="blankSubmit()[pri:0, instance:testCase.TestCaseForCreateIndiviualProviderAc@61f5df]" name="blankSubmit" duration-ms="2765" started-at="2016-01-19T11:27:36Z" finished-at="2016-01-19T11:27:38Z">
          <reporter-output>
          </reporter-output>
        </test-method> <!-- blankSubmit -->
        <test-method status="PASS" signature="lastNameVerify()[pri:0, instance:testCase.TestCaseForCreateIndiviualProviderAc@61f5df]" name="lastNameVerify" duration-ms="989" started-at="2016-01-19T11:27:38Z" finished-at="2016-01-19T11:27:39Z">
          <reporter-output>
          </reporter-output>
        </test-method> <!-- lastNameVerify -->
        <test-method status="PASS" signature="EmailVerify()[pri:0, instance:testCase.TestCaseForCreateIndiviualProviderAc@61f5df]" name="EmailVerify" duration-ms="1129" started-at="2016-01-19T11:27:39Z" finished-at="2016-01-19T11:27:41Z">
          <reporter-output>
          </reporter-output>
        </test-method> <!-- EmailVerify -->
        <test-method status="PASS" signature="createANewAcc()[pri:0, instance:testCase.TestCaseForCreateIndiviualProviderAc@61f5df]" name="createANewAcc" duration-ms="2475" started-at="2016-01-19T11:27:41Z" finished-at="2016-01-19T11:27:43Z">
          <reporter-output>
          </reporter-output>
        </test-method> <!-- createANewAcc -->
      </class> <!-- testCase.TestCaseForCreateIndiviualProviderAc -->
      <class name="testCase.TestCaseForCreateMemberAcWithLogin">
        <test-method status="PASS" signature="loginIntoApplication()[pri:0, instance:testCase.TestCaseForCreateMemberAcWithLogin@f6e879]" name="loginIntoApplication" duration-ms="6027" started-at="2016-01-19T11:27:07Z" finished-at="2016-01-19T11:27:13Z">
          <reporter-output>
          </reporter-output>
        </test-method> <!-- loginIntoApplication -->
        <test-method status="PASS" signature="navigateToAccountPage()[pri:0, instance:testCase.TestCaseForCreateMemberAcWithLogin@f6e879]" name="navigateToAccountPage" duration-ms="2062" started-at="2016-01-19T11:27:13Z" finished-at="2016-01-19T11:27:15Z">
          <reporter-output>
          </reporter-output>
        </test-method> <!-- navigateToAccountPage -->
        <test-method status="PASS" signature="enterBlankDataIntoMemberAc()[pri:0, instance:testCase.TestCaseForCreateMemberAcWithLogin@f6e879]" name="enterBlankDataIntoMemberAc" duration-ms="1128" started-at="2016-01-19T11:27:15Z" finished-at="2016-01-19T11:27:16Z">
          <reporter-output>
          </reporter-output>
        </test-method> <!-- enterBlankDataIntoMemberAc -->
        <test-method status="PASS" signature="enterInvalidSsn()[pri:0, instance:testCase.TestCaseForCreateMemberAcWithLogin@f6e879]" name="enterInvalidSsn" duration-ms="1781" started-at="2016-01-19T11:27:16Z" finished-at="2016-01-19T11:27:18Z">
          <reporter-output>
          </reporter-output>
        </test-method> <!-- enterInvalidSsn -->
        <test-method status="PASS" signature="enterInvalidDate()[pri:0, instance:testCase.TestCaseForCreateMemberAcWithLogin@f6e879]" name="enterInvalidDate" duration-ms="1749" started-at="2016-01-19T11:27:18Z" finished-at="2016-01-19T11:27:19Z">
          <reporter-output>
          </reporter-output>
        </test-method> <!-- enterInvalidDate -->
        <test-method status="PASS" signature="enterInvalidEmail()[pri:0, instance:testCase.TestCaseForCreateMemberAcWithLogin@f6e879]" name="enterInvalidEmail" duration-ms="1666" started-at="2016-01-19T11:27:19Z" finished-at="2016-01-19T11:27:21Z">
          <reporter-output>
          </reporter-output>
        </test-method> <!-- enterInvalidEmail -->
        <test-method status="PASS" signature="createAMemberAcWithValidData()[pri:0, instance:testCase.TestCaseForCreateMemberAcWithLogin@f6e879]" name="createAMemberAcWithValidData" duration-ms="2738" started-at="2016-01-19T11:27:21Z" finished-at="2016-01-19T11:27:24Z">
          <reporter-output>
          </reporter-output>
        </test-method> <!-- createAMemberAcWithValidData -->
      </class> <!-- testCase.TestCaseForCreateMemberAcWithLogin -->
    </test> <!-- Test3 -->
  </suite> <!-- Suite -->
</testng-results>
