<?xml version="1.0" encoding="UTF-8"?>
<testng-results skipped="0" failed="3" total="66" passed="63">
  <reporter-output>
  </reporter-output>
  <suite name="Suite" duration-ms="284105" started-at="2016-01-20T20:06:28Z" finished-at="2016-01-20T20:11:12Z">
    <groups>
    </groups>
    <test name="Test1" duration-ms="74706" started-at="2016-01-20T20:06:28Z" finished-at="2016-01-20T20:07:43Z">
      <class name="testCase.TestCaseForLogin">
        <test-method status="PASS" signature="openBrowser(java.lang.String)[pri:0, instance:testCase.TestCaseForLogin@1b6a447]" name="openBrowser" is-config="true" duration-ms="8656" started-at="2016-01-20T15:06:28Z" finished-at="2016-01-20T15:06:37Z">
          <params>
            <param index="0">
              <value>
                <![CDATA[firefox]]>
              </value>
            </param>
          </params>
          <reporter-output>
          </reporter-output>
        </test-method> <!-- openBrowser -->
        <test-method status="PASS" signature="verifyInvalidIDBlank()[pri:0, instance:testCase.TestCaseForLogin@1b6a447]" name="verifyInvalidIDBlank" duration-ms="1205" started-at="2016-01-20T15:06:37Z" finished-at="2016-01-20T15:06:38Z">
          <reporter-output>
          </reporter-output>
        </test-method> <!-- verifyInvalidIDBlank -->
        <test-method status="PASS" signature="verifyInvalidID()[pri:0, instance:testCase.TestCaseForLogin@1b6a447]" name="verifyInvalidID" duration-ms="963" started-at="2016-01-20T15:06:38Z" finished-at="2016-01-20T15:06:39Z">
          <reporter-output>
          </reporter-output>
        </test-method> <!-- verifyInvalidID -->
        <test-method status="PASS" signature="verifyInvalidPassword()[pri:0, instance:testCase.TestCaseForLogin@1b6a447]" name="verifyInvalidPassword" duration-ms="1132" started-at="2016-01-20T15:06:39Z" finished-at="2016-01-20T15:06:40Z">
          <reporter-output>
          </reporter-output>
        </test-method> <!-- verifyInvalidPassword -->
        <test-method status="PASS" signature="validLogin()[pri:0, instance:testCase.TestCaseForLogin@1b6a447]" name="validLogin" duration-ms="614" started-at="2016-01-20T15:06:40Z" finished-at="2016-01-20T15:06:41Z">
          <reporter-output>
          </reporter-output>
        </test-method> <!-- validLogin -->
        <test-method status="PASS" signature="verifyRemebarMeCheckBox()[pri:0, instance:testCase.TestCaseForLogin@1b6a447]" name="verifyRemebarMeCheckBox" duration-ms="1142" started-at="2016-01-20T15:06:41Z" finished-at="2016-01-20T15:06:42Z">
          <reporter-output>
          </reporter-output>
        </test-method> <!-- verifyRemebarMeCheckBox -->
        <test-method status="PASS" signature="logIn()[pri:0, instance:testCase.TestCaseForLogin@1b6a447]" name="logIn" duration-ms="5723" started-at="2016-01-20T15:06:42Z" finished-at="2016-01-20T15:06:47Z">
          <reporter-output>
          </reporter-output>
        </test-method> <!-- logIn -->
        <test-method status="PASS" signature="verifyTitle()[pri:0, instance:testCase.TestCaseForLogin@1b6a447]" name="verifyTitle" duration-ms="242" started-at="2016-01-20T15:06:47Z" finished-at="2016-01-20T15:06:48Z">
          <reporter-output>
          </reporter-output>
        </test-method> <!-- verifyTitle -->
        <test-method status="PASS" signature="logout()[pri:0, instance:testCase.TestCaseForLogin@1b6a447]" name="logout" duration-ms="449" started-at="2016-01-20T15:06:48Z" finished-at="2016-01-20T15:06:48Z">
          <reporter-output>
          </reporter-output>
        </test-method> <!-- logout -->
      </class> <!-- testCase.TestCaseForLogin -->
      <class name="testCase.TestCaseForCreateIndiviualProviderAc">
        <test-method status="PASS" signature="validLoginForNewAcCreate()[pri:0, instance:testCase.TestCaseForCreateIndiviualProviderAc@115b42e]" name="validLoginForNewAcCreate" duration-ms="10395" started-at="2016-01-20T15:07:10Z" finished-at="2016-01-20T15:07:20Z">
          <reporter-output>
          </reporter-output>
        </test-method> <!-- validLoginForNewAcCreate -->
        <test-method status="PASS" signature="blankSubmit()[pri:0, instance:testCase.TestCaseForCreateIndiviualProviderAc@115b42e]" name="blankSubmit" duration-ms="3285" started-at="2016-01-20T15:07:20Z" finished-at="2016-01-20T15:07:23Z">
          <reporter-output>
          </reporter-output>
        </test-method> <!-- blankSubmit -->
        <test-method status="PASS" signature="lastNameVerify()[pri:0, instance:testCase.TestCaseForCreateIndiviualProviderAc@115b42e]" name="lastNameVerify" duration-ms="1153" started-at="2016-01-20T15:07:23Z" finished-at="2016-01-20T15:07:25Z">
          <reporter-output>
          </reporter-output>
        </test-method> <!-- lastNameVerify -->
        <test-method status="PASS" signature="EmailVerify()[pri:0, instance:testCase.TestCaseForCreateIndiviualProviderAc@115b42e]" name="EmailVerify" duration-ms="1500" started-at="2016-01-20T15:07:25Z" finished-at="2016-01-20T15:07:26Z">
          <reporter-output>
          </reporter-output>
        </test-method> <!-- EmailVerify -->
        <test-method status="PASS" signature="createANewAcc()[pri:0, instance:testCase.TestCaseForCreateIndiviualProviderAc@115b42e]" name="createANewAcc" duration-ms="2873" started-at="2016-01-20T15:07:26Z" finished-at="2016-01-20T15:07:29Z">
          <reporter-output>
          </reporter-output>
        </test-method> <!-- createANewAcc -->
      </class> <!-- testCase.TestCaseForCreateIndiviualProviderAc -->
      <class name="testCase.TestCaseForCreateMemberAcWithLogin">
        <test-method status="PASS" signature="loginIntoApplication()[pri:0, instance:testCase.TestCaseForCreateMemberAcWithLogin@43840]" name="loginIntoApplication" duration-ms="6186" started-at="2016-01-20T15:06:48Z" finished-at="2016-01-20T15:06:54Z">
          <reporter-output>
          </reporter-output>
        </test-method> <!-- loginIntoApplication -->
        <test-method status="PASS" signature="navigateToAccountPage()[pri:0, instance:testCase.TestCaseForCreateMemberAcWithLogin@43840]" name="navigateToAccountPage" duration-ms="3226" started-at="2016-01-20T15:06:54Z" finished-at="2016-01-20T15:06:58Z">
          <reporter-output>
          </reporter-output>
        </test-method> <!-- navigateToAccountPage -->
        <test-method status="PASS" signature="enterBlankDataIntoMemberAc()[pri:0, instance:testCase.TestCaseForCreateMemberAcWithLogin@43840]" name="enterBlankDataIntoMemberAc" duration-ms="1476" started-at="2016-01-20T15:06:58Z" finished-at="2016-01-20T15:06:59Z">
          <reporter-output>
          </reporter-output>
        </test-method> <!-- enterBlankDataIntoMemberAc -->
        <test-method status="PASS" signature="enterInvalidSsn()[pri:0, instance:testCase.TestCaseForCreateMemberAcWithLogin@43840]" name="enterInvalidSsn" duration-ms="3145" started-at="2016-01-20T15:06:59Z" finished-at="2016-01-20T15:07:02Z">
          <reporter-output>
          </reporter-output>
        </test-method> <!-- enterInvalidSsn -->
        <test-method status="PASS" signature="enterInvalidDate()[pri:0, instance:testCase.TestCaseForCreateMemberAcWithLogin@43840]" name="enterInvalidDate" duration-ms="2194" started-at="2016-01-20T15:07:02Z" finished-at="2016-01-20T15:07:04Z">
          <reporter-output>
          </reporter-output>
        </test-method> <!-- enterInvalidDate -->
        <test-method status="PASS" signature="enterInvalidEmail()[pri:0, instance:testCase.TestCaseForCreateMemberAcWithLogin@43840]" name="enterInvalidEmail" duration-ms="1720" started-at="2016-01-20T15:07:04Z" finished-at="2016-01-20T15:07:06Z">
          <reporter-output>
          </reporter-output>
        </test-method> <!-- enterInvalidEmail -->
        <test-method status="PASS" signature="createAMemberAcWithValidData()[pri:0, instance:testCase.TestCaseForCreateMemberAcWithLogin@43840]" name="createAMemberAcWithValidData" duration-ms="3632" started-at="2016-01-20T15:07:06Z" finished-at="2016-01-20T15:07:10Z">
          <reporter-output>
          </reporter-output>
        </test-method> <!-- createAMemberAcWithValidData -->
      </class> <!-- testCase.TestCaseForCreateMemberAcWithLogin -->
      <class name="testCase.TestCaseForCreateNonIndiviualProviderAc">
        <test-method status="PASS" signature="validLoginForNewAcCreate()[pri:0, instance:testCase.TestCaseForCreateNonIndiviualProviderAc@f9b8bc]" name="validLoginForNewAcCreate" duration-ms="10528" started-at="2016-01-20T15:07:29Z" finished-at="2016-01-20T15:07:39Z">
          <reporter-output>
          </reporter-output>
        </test-method> <!-- validLoginForNewAcCreate -->
        <test-method status="FAIL" signature="blankSubmit()[pri:0, instance:testCase.TestCaseForCreateNonIndiviualProviderAc@f9b8bc]" name="blankSubmit" duration-ms="3233" started-at="2016-01-20T15:07:39Z" finished-at="2016-01-20T15:07:43Z">
          <exception class="java.lang.RuntimeException">
            <message>
              <![CDATA[Process refused to die after 10 seconds, and couldn't taskkill it: Unable to find executable for: taskkill]]>
            </message>
            <full-stacktrace>
              <![CDATA[java.lang.RuntimeException: Process refused to die after 10 seconds, and couldn't taskkill it: Unable to find executable for: taskkill
	at org.openqa.selenium.os.ProcessUtils.killWinProcess(ProcessUtils.java:142)
	at org.openqa.selenium.os.ProcessUtils.killProcess(ProcessUtils.java:81)
	at org.openqa.selenium.os.UnixProcess$SeleniumWatchDog.destroyHarder(UnixProcess.java:247)
	at org.openqa.selenium.os.UnixProcess$SeleniumWatchDog.access$2(UnixProcess.java:246)
	at org.openqa.selenium.os.UnixProcess.destroy(UnixProcess.java:125)
	at org.openqa.selenium.os.CommandLine.destroy(CommandLine.java:155)
	at org.openqa.selenium.firefox.FirefoxBinary.quit(FirefoxBinary.java:259)
	at org.openqa.selenium.firefox.internal.NewProfileExtensionConnection.quit(NewProfileExtensionConnection.java:204)
	at org.openqa.selenium.firefox.FirefoxDriver$LazyCommandExecutor.quit(FirefoxDriver.java:364)
	at org.openqa.selenium.firefox.FirefoxDriver.stopClient(FirefoxDriver.java:310)
	at org.openqa.selenium.remote.RemoteWebDriver.quit(RemoteWebDriver.java:519)
	at testCase.TestCaseForCreateNonIndiviualProviderAc.blankSubmit(TestCaseForCreateNonIndiviualProviderAc.java:48)
	at sun.reflect.NativeMethodAccessorImpl.invoke0(Native Method)
	at sun.reflect.NativeMethodAccessorImpl.invoke(Unknown Source)
	at sun.reflect.DelegatingMethodAccessorImpl.invoke(Unknown Source)
	at java.lang.reflect.Method.invoke(Unknown Source)
	at org.testng.internal.MethodInvocationHelper.invokeMethod(MethodInvocationHelper.java:85)
	at org.testng.internal.Invoker.invokeMethod(Invoker.java:639)
	at org.testng.internal.Invoker.invokeTestMethod(Invoker.java:821)
	at org.testng.internal.Invoker.invokeTestMethods(Invoker.java:1131)
	at org.testng.internal.TestMethodWorker.invokeTestMethods(TestMethodWorker.java:124)
	at org.testng.internal.TestMethodWorker.run(TestMethodWorker.java:108)
	at org.testng.TestRunner.privateRun(TestRunner.java:773)
	at org.testng.TestRunner.run(TestRunner.java:623)
	at org.testng.SuiteRunner.runTest(SuiteRunner.java:357)
	at org.testng.SuiteRunner.runSequentially(SuiteRunner.java:352)
	at org.testng.SuiteRunner.privateRun(SuiteRunner.java:310)
	at org.testng.SuiteRunner.run(SuiteRunner.java:259)
	at org.testng.SuiteRunnerWorker.runSuite(SuiteRunnerWorker.java:52)
	at org.testng.SuiteRunnerWorker.run(SuiteRunnerWorker.java:86)
	at org.testng.TestNG.runSuitesSequentially(TestNG.java:1185)
	at org.testng.TestNG.runSuitesLocally(TestNG.java:1110)
	at org.testng.TestNG.run(TestNG.java:1018)
	at org.testng.remote.RemoteTestNG.run(RemoteTestNG.java:111)
	at org.testng.remote.RemoteTestNG.initAndRun(RemoteTestNG.java:204)
	at org.testng.remote.RemoteTestNG.main(RemoteTestNG.java:175)
Caused by: java.lang.NullPointerException: Unable to find executable for: taskkill
	at com.google.common.base.Preconditions.checkNotNull(Preconditions.java:250)
	at org.openqa.selenium.os.UnixProcess.<init>(UnixProcess.java:62)
	at org.openqa.selenium.os.CommandLine.<init>(CommandLine.java:38)
	at org.openqa.selenium.os.WindowsUtils.killPID(WindowsUtils.java:178)
	at org.openqa.selenium.os.ProcessUtils.killWinProcess(ProcessUtils.java:138)
	... 35 more
]]>
            </full-stacktrace>
          </exception> <!-- java.lang.RuntimeException -->
          <reporter-output>
          </reporter-output>
        </test-method> <!-- blankSubmit -->
      </class> <!-- testCase.TestCaseForCreateNonIndiviualProviderAc -->
    </test> <!-- Test1 -->
    <test name="Test2" duration-ms="123719" started-at="2016-01-20T20:07:43Z" finished-at="2016-01-20T20:09:46Z">
      <class name="testCase.TestCaseForLogin">
        <test-method status="PASS" signature="openBrowser(java.lang.String)[pri:0, instance:testCase.TestCaseForLogin@b7bfc0]" name="openBrowser" is-config="true" duration-ms="5605" started-at="2016-01-20T15:07:43Z" finished-at="2016-01-20T15:07:48Z">
          <params>
            <param index="0">
              <value>
                <![CDATA[IE]]>
              </value>
            </param>
          </params>
          <reporter-output>
          </reporter-output>
        </test-method> <!-- openBrowser -->
        <test-method status="PASS" signature="verifyInvalidIDBlank()[pri:0, instance:testCase.TestCaseForLogin@b7bfc0]" name="verifyInvalidIDBlank" duration-ms="3725" started-at="2016-01-20T15:07:48Z" finished-at="2016-01-20T15:07:52Z">
          <reporter-output>
          </reporter-output>
        </test-method> <!-- verifyInvalidIDBlank -->
        <test-method status="PASS" signature="verifyInvalidID()[pri:0, instance:testCase.TestCaseForLogin@b7bfc0]" name="verifyInvalidID" duration-ms="3375" started-at="2016-01-20T15:07:52Z" finished-at="2016-01-20T15:07:55Z">
          <reporter-output>
          </reporter-output>
        </test-method> <!-- verifyInvalidID -->
        <test-method status="PASS" signature="verifyInvalidPassword()[pri:0, instance:testCase.TestCaseForLogin@b7bfc0]" name="verifyInvalidPassword" duration-ms="3972" started-at="2016-01-20T15:07:55Z" finished-at="2016-01-20T15:07:59Z">
          <reporter-output>
          </reporter-output>
        </test-method> <!-- verifyInvalidPassword -->
        <test-method status="PASS" signature="validLogin()[pri:0, instance:testCase.TestCaseForLogin@b7bfc0]" name="validLogin" duration-ms="1812" started-at="2016-01-20T15:07:59Z" finished-at="2016-01-20T15:08:01Z">
          <reporter-output>
          </reporter-output>
        </test-method> <!-- validLogin -->
        <test-method status="PASS" signature="verifyRemebarMeCheckBox()[pri:0, instance:testCase.TestCaseForLogin@b7bfc0]" name="verifyRemebarMeCheckBox" duration-ms="1897" started-at="2016-01-20T15:08:01Z" finished-at="2016-01-20T15:08:03Z">
          <reporter-output>
          </reporter-output>
        </test-method> <!-- verifyRemebarMeCheckBox -->
        <test-method status="PASS" signature="logIn()[pri:0, instance:testCase.TestCaseForLogin@b7bfc0]" name="logIn" duration-ms="6380" started-at="2016-01-20T15:08:03Z" finished-at="2016-01-20T15:08:10Z">
          <reporter-output>
          </reporter-output>
        </test-method> <!-- logIn -->
        <test-method status="PASS" signature="verifyTitle()[pri:0, instance:testCase.TestCaseForLogin@b7bfc0]" name="verifyTitle" duration-ms="295" started-at="2016-01-20T15:08:10Z" finished-at="2016-01-20T15:08:10Z">
          <reporter-output>
          </reporter-output>
        </test-method> <!-- verifyTitle -->
        <test-method status="PASS" signature="logout()[pri:0, instance:testCase.TestCaseForLogin@b7bfc0]" name="logout" duration-ms="11269" started-at="2016-01-20T15:08:10Z" finished-at="2016-01-20T15:08:21Z">
          <reporter-output>
          </reporter-output>
        </test-method> <!-- logout -->
      </class> <!-- testCase.TestCaseForLogin -->
      <class name="testCase.TestCaseForCreateIndiviualProviderAc">
        <test-method status="PASS" signature="validLoginForNewAcCreate()[pri:0, instance:testCase.TestCaseForCreateIndiviualProviderAc@1f97b55]" name="validLoginForNewAcCreate" duration-ms="15343" started-at="2016-01-20T15:08:55Z" finished-at="2016-01-20T15:09:10Z">
          <reporter-output>
          </reporter-output>
        </test-method> <!-- validLoginForNewAcCreate -->
        <test-method status="PASS" signature="blankSubmit()[pri:0, instance:testCase.TestCaseForCreateIndiviualProviderAc@1f97b55]" name="blankSubmit" duration-ms="3600" started-at="2016-01-20T15:09:10Z" finished-at="2016-01-20T15:09:14Z">
          <reporter-output>
          </reporter-output>
        </test-method> <!-- blankSubmit -->
        <test-method status="PASS" signature="lastNameVerify()[pri:0, instance:testCase.TestCaseForCreateIndiviualProviderAc@1f97b55]" name="lastNameVerify" duration-ms="2764" started-at="2016-01-20T15:09:14Z" finished-at="2016-01-20T15:09:17Z">
          <reporter-output>
          </reporter-output>
        </test-method> <!-- lastNameVerify -->
        <test-method status="PASS" signature="EmailVerify()[pri:0, instance:testCase.TestCaseForCreateIndiviualProviderAc@1f97b55]" name="EmailVerify" duration-ms="3896" started-at="2016-01-20T15:09:17Z" finished-at="2016-01-20T15:09:21Z">
          <reporter-output>
          </reporter-output>
        </test-method> <!-- EmailVerify -->
        <test-method status="PASS" signature="createANewAcc()[pri:0, instance:testCase.TestCaseForCreateIndiviualProviderAc@1f97b55]" name="createANewAcc" duration-ms="6234" started-at="2016-01-20T15:09:21Z" finished-at="2016-01-20T15:09:27Z">
          <reporter-output>
          </reporter-output>
        </test-method> <!-- createANewAcc -->
      </class> <!-- testCase.TestCaseForCreateIndiviualProviderAc -->
      <class name="testCase.TestCaseForCreateMemberAcWithLogin">
        <test-method status="PASS" signature="loginIntoApplication()[pri:0, instance:testCase.TestCaseForCreateMemberAcWithLogin@6e2eef]" name="loginIntoApplication" duration-ms="6553" started-at="2016-01-20T15:08:21Z" finished-at="2016-01-20T15:08:28Z">
          <reporter-output>
          </reporter-output>
        </test-method> <!-- loginIntoApplication -->
        <test-method status="PASS" signature="navigateToAccountPage()[pri:0, instance:testCase.TestCaseForCreateMemberAcWithLogin@6e2eef]" name="navigateToAccountPage" duration-ms="4536" started-at="2016-01-20T15:08:28Z" finished-at="2016-01-20T15:08:32Z">
          <reporter-output>
          </reporter-output>
        </test-method> <!-- navigateToAccountPage -->
        <test-method status="PASS" signature="enterBlankDataIntoMemberAc()[pri:0, instance:testCase.TestCaseForCreateMemberAcWithLogin@6e2eef]" name="enterBlankDataIntoMemberAc" duration-ms="1963" started-at="2016-01-20T15:08:32Z" finished-at="2016-01-20T15:08:34Z">
          <reporter-output>
          </reporter-output>
        </test-method> <!-- enterBlankDataIntoMemberAc -->
        <test-method status="PASS" signature="enterInvalidSsn()[pri:0, instance:testCase.TestCaseForCreateMemberAcWithLogin@6e2eef]" name="enterInvalidSsn" duration-ms="3815" started-at="2016-01-20T15:08:34Z" finished-at="2016-01-20T15:08:38Z">
          <reporter-output>
          </reporter-output>
        </test-method> <!-- enterInvalidSsn -->
        <test-method status="PASS" signature="enterInvalidDate()[pri:0, instance:testCase.TestCaseForCreateMemberAcWithLogin@6e2eef]" name="enterInvalidDate" duration-ms="5183" started-at="2016-01-20T15:08:38Z" finished-at="2016-01-20T15:08:43Z">
          <reporter-output>
          </reporter-output>
        </test-method> <!-- enterInvalidDate -->
        <test-method status="PASS" signature="enterInvalidEmail()[pri:0, instance:testCase.TestCaseForCreateMemberAcWithLogin@6e2eef]" name="enterInvalidEmail" duration-ms="4709" started-at="2016-01-20T15:08:43Z" finished-at="2016-01-20T15:08:48Z">
          <reporter-output>
          </reporter-output>
        </test-method> <!-- enterInvalidEmail -->
        <test-method status="PASS" signature="createAMemberAcWithValidData()[pri:0, instance:testCase.TestCaseForCreateMemberAcWithLogin@6e2eef]" name="createAMemberAcWithValidData" duration-ms="7112" started-at="2016-01-20T15:08:48Z" finished-at="2016-01-20T15:08:55Z">
          <reporter-output>
          </reporter-output>
        </test-method> <!-- createAMemberAcWithValidData -->
      </class> <!-- testCase.TestCaseForCreateMemberAcWithLogin -->
      <class name="testCase.TestCaseForCreateNonIndiviualProviderAc">
        <test-method status="PASS" signature="validLoginForNewAcCreate()[pri:0, instance:testCase.TestCaseForCreateNonIndiviualProviderAc@bbc1e0]" name="validLoginForNewAcCreate" duration-ms="15159" started-at="2016-01-20T15:09:27Z" finished-at="2016-01-20T15:09:42Z">
          <reporter-output>
          </reporter-output>
        </test-method> <!-- validLoginForNewAcCreate -->
        <test-method status="FAIL" signature="blankSubmit()[pri:0, instance:testCase.TestCaseForCreateNonIndiviualProviderAc@bbc1e0]" name="blankSubmit" duration-ms="4503" started-at="2016-01-20T15:09:42Z" finished-at="2016-01-20T15:09:46Z">
          <exception class="org.openqa.selenium.remote.UnreachableBrowserException">
            <message>
              <![CDATA[Error communicating with the remote browser. It may have died.
Build info: version: '2.48.2', revision: '41bccdd', time: '2015-10-09 19:55:52'
System info: host: '01250LT2368', ip: '10.8.44.138', os.name: 'Windows 7', os.arch: 'x86', os.version: '6.1', java.version: '1.8.0_60'
Driver info: driver.version: RemoteWebDriver]]>
            </message>
            <full-stacktrace>
              <![CDATA[org.openqa.selenium.remote.UnreachableBrowserException: Error communicating with the remote browser. It may have died.
Build info: version: '2.48.2', revision: '41bccdd', time: '2015-10-09 19:55:52'
System info: host: '01250LT2368', ip: '10.8.44.138', os.name: 'Windows 7', os.arch: 'x86', os.version: '6.1', java.version: '1.8.0_60'
Driver info: driver.version: RemoteWebDriver
	at org.openqa.selenium.remote.RemoteWebDriver.execute(RemoteWebDriver.java:641)
	at org.openqa.selenium.remote.RemoteWebDriver.execute(RemoteWebDriver.java:670)
	at org.openqa.selenium.remote.RemoteWebDriver.quit(RemoteWebDriver.java:516)
	at testCase.TestCaseForCreateNonIndiviualProviderAc.blankSubmit(TestCaseForCreateNonIndiviualProviderAc.java:48)
	at sun.reflect.NativeMethodAccessorImpl.invoke0(Native Method)
	at sun.reflect.NativeMethodAccessorImpl.invoke(Unknown Source)
	at sun.reflect.DelegatingMethodAccessorImpl.invoke(Unknown Source)
	at java.lang.reflect.Method.invoke(Unknown Source)
	at org.testng.internal.MethodInvocationHelper.invokeMethod(MethodInvocationHelper.java:85)
	at org.testng.internal.Invoker.invokeMethod(Invoker.java:639)
	at org.testng.internal.Invoker.invokeTestMethod(Invoker.java:821)
	at org.testng.internal.Invoker.invokeTestMethods(Invoker.java:1131)
	at org.testng.internal.TestMethodWorker.invokeTestMethods(TestMethodWorker.java:124)
	at org.testng.internal.TestMethodWorker.run(TestMethodWorker.java:108)
	at org.testng.TestRunner.privateRun(TestRunner.java:773)
	at org.testng.TestRunner.run(TestRunner.java:623)
	at org.testng.SuiteRunner.runTest(SuiteRunner.java:357)
	at org.testng.SuiteRunner.runSequentially(SuiteRunner.java:352)
	at org.testng.SuiteRunner.privateRun(SuiteRunner.java:310)
	at org.testng.SuiteRunner.run(SuiteRunner.java:259)
	at org.testng.SuiteRunnerWorker.runSuite(SuiteRunnerWorker.java:52)
	at org.testng.SuiteRunnerWorker.run(SuiteRunnerWorker.java:86)
	at org.testng.TestNG.runSuitesSequentially(TestNG.java:1185)
	at org.testng.TestNG.runSuitesLocally(TestNG.java:1110)
	at org.testng.TestNG.run(TestNG.java:1018)
	at org.testng.remote.RemoteTestNG.run(RemoteTestNG.java:111)
	at org.testng.remote.RemoteTestNG.initAndRun(RemoteTestNG.java:204)
	at org.testng.remote.RemoteTestNG.main(RemoteTestNG.java:175)
Caused by: java.lang.RuntimeException: Process refused to die after 10 seconds, and couldn't taskkill it: Unable to find executable for: taskkill
	at org.openqa.selenium.os.ProcessUtils.killWinProcess(ProcessUtils.java:142)
	at org.openqa.selenium.os.ProcessUtils.killProcess(ProcessUtils.java:81)
	at org.openqa.selenium.os.UnixProcess$SeleniumWatchDog.destroyHarder(UnixProcess.java:247)
	at org.openqa.selenium.os.UnixProcess$SeleniumWatchDog.access$2(UnixProcess.java:246)
	at org.openqa.selenium.os.UnixProcess.destroy(UnixProcess.java:125)
	at org.openqa.selenium.os.CommandLine.destroy(CommandLine.java:155)
	at org.openqa.selenium.remote.service.DriverService.stop(DriverService.java:196)
	at org.openqa.selenium.remote.service.DriverCommandExecutor.execute(DriverCommandExecutor.java:94)
	at org.openqa.selenium.remote.RemoteWebDriver.execute(RemoteWebDriver.java:620)
	... 27 more
Caused by: java.lang.NullPointerException: Unable to find executable for: taskkill
	at com.google.common.base.Preconditions.checkNotNull(Preconditions.java:250)
	at org.openqa.selenium.os.UnixProcess.<init>(UnixProcess.java:62)
	at org.openqa.selenium.os.CommandLine.<init>(CommandLine.java:38)
	at org.openqa.selenium.os.WindowsUtils.killPID(WindowsUtils.java:178)
	at org.openqa.selenium.os.ProcessUtils.killWinProcess(ProcessUtils.java:138)
	... 35 more
]]>
            </full-stacktrace>
          </exception> <!-- org.openqa.selenium.remote.UnreachableBrowserException -->
          <reporter-output>
          </reporter-output>
        </test-method> <!-- blankSubmit -->
      </class> <!-- testCase.TestCaseForCreateNonIndiviualProviderAc -->
    </test> <!-- Test2 -->
    <test name="Test3" duration-ms="85649" started-at="2016-01-20T20:09:46Z" finished-at="2016-01-20T20:11:12Z">
      <class name="testCase.TestCaseForLogin">
        <test-method status="PASS" signature="reportIni()[pri:0, instance:testCase.TestCaseForLogin@11be3c5]" name="reportIni" is-config="true" duration-ms="114" started-at="2016-01-20T15:06:28Z" finished-at="2016-01-20T15:06:28Z">
          <reporter-output>
          </reporter-output>
        </test-method> <!-- reportIni -->
        <test-method status="PASS" signature="openBrowser(java.lang.String)[pri:0, instance:testCase.TestCaseForLogin@11be3c5]" name="openBrowser" is-config="true" duration-ms="15505" started-at="2016-01-20T15:09:46Z" finished-at="2016-01-20T15:10:02Z">
          <params>
            <param index="0">
              <value>
                <![CDATA[chrome]]>
              </value>
            </param>
          </params>
          <reporter-output>
          </reporter-output>
        </test-method> <!-- openBrowser -->
        <test-method status="PASS" signature="verifyInvalidIDBlank()[pri:0, instance:testCase.TestCaseForLogin@11be3c5]" name="verifyInvalidIDBlank" duration-ms="2991" started-at="2016-01-20T15:10:02Z" finished-at="2016-01-20T15:10:05Z">
          <reporter-output>
          </reporter-output>
        </test-method> <!-- verifyInvalidIDBlank -->
        <test-method status="PASS" signature="verifyInvalidID()[pri:0, instance:testCase.TestCaseForLogin@11be3c5]" name="verifyInvalidID" duration-ms="2278" started-at="2016-01-20T15:10:05Z" finished-at="2016-01-20T15:10:07Z">
          <reporter-output>
          </reporter-output>
        </test-method> <!-- verifyInvalidID -->
        <test-method status="PASS" signature="verifyInvalidPassword()[pri:0, instance:testCase.TestCaseForLogin@11be3c5]" name="verifyInvalidPassword" duration-ms="3219" started-at="2016-01-20T15:10:07Z" finished-at="2016-01-20T15:10:10Z">
          <reporter-output>
          </reporter-output>
        </test-method> <!-- verifyInvalidPassword -->
        <test-method status="PASS" signature="validLogin()[pri:0, instance:testCase.TestCaseForLogin@11be3c5]" name="validLogin" duration-ms="743" started-at="2016-01-20T15:10:10Z" finished-at="2016-01-20T15:10:11Z">
          <reporter-output>
          </reporter-output>
        </test-method> <!-- validLogin -->
        <test-method status="PASS" signature="verifyRemebarMeCheckBox()[pri:0, instance:testCase.TestCaseForLogin@11be3c5]" name="verifyRemebarMeCheckBox" duration-ms="1066" started-at="2016-01-20T15:10:11Z" finished-at="2016-01-20T15:10:12Z">
          <reporter-output>
          </reporter-output>
        </test-method> <!-- verifyRemebarMeCheckBox -->
        <test-method status="PASS" signature="logIn()[pri:0, instance:testCase.TestCaseForLogin@11be3c5]" name="logIn" duration-ms="7842" started-at="2016-01-20T15:10:12Z" finished-at="2016-01-20T15:10:20Z">
          <reporter-output>
          </reporter-output>
        </test-method> <!-- logIn -->
        <test-method status="PASS" signature="verifyTitle()[pri:0, instance:testCase.TestCaseForLogin@11be3c5]" name="verifyTitle" duration-ms="297" started-at="2016-01-20T15:10:20Z" finished-at="2016-01-20T15:10:20Z">
          <reporter-output>
          </reporter-output>
        </test-method> <!-- verifyTitle -->
        <test-method status="PASS" signature="logout()[pri:0, instance:testCase.TestCaseForLogin@11be3c5]" name="logout" duration-ms="559" started-at="2016-01-20T15:10:20Z" finished-at="2016-01-20T15:10:21Z">
          <reporter-output>
          </reporter-output>
        </test-method> <!-- logout -->
        <test-method status="PASS" signature="tearDown()[pri:0, instance:testCase.TestCaseForLogin@11be3c5]" name="tearDown" is-config="true" duration-ms="7710" started-at="2016-01-20T15:11:12Z" finished-at="2016-01-20T15:11:20Z">
          <reporter-output>
          </reporter-output>
        </test-method> <!-- tearDown -->
      </class> <!-- testCase.TestCaseForLogin -->
      <class name="testCase.TestCaseForCreateIndiviualProviderAc">
        <test-method status="PASS" signature="validLoginForNewAcCreate()[pri:0, instance:testCase.TestCaseForCreateIndiviualProviderAc@135b478]" name="validLoginForNewAcCreate" duration-ms="10954" started-at="2016-01-20T15:10:38Z" finished-at="2016-01-20T15:10:49Z">
          <reporter-output>
          </reporter-output>
        </test-method> <!-- validLoginForNewAcCreate -->
        <test-method status="PASS" signature="blankSubmit()[pri:0, instance:testCase.TestCaseForCreateIndiviualProviderAc@135b478]" name="blankSubmit" duration-ms="2948" started-at="2016-01-20T15:10:49Z" finished-at="2016-01-20T15:10:52Z">
          <reporter-output>
          </reporter-output>
        </test-method> <!-- blankSubmit -->
        <test-method status="PASS" signature="lastNameVerify()[pri:0, instance:testCase.TestCaseForCreateIndiviualProviderAc@135b478]" name="lastNameVerify" duration-ms="956" started-at="2016-01-20T15:10:52Z" finished-at="2016-01-20T15:10:53Z">
          <reporter-output>
          </reporter-output>
        </test-method> <!-- lastNameVerify -->
        <test-method status="PASS" signature="EmailVerify()[pri:0, instance:testCase.TestCaseForCreateIndiviualProviderAc@135b478]" name="EmailVerify" duration-ms="1032" started-at="2016-01-20T15:10:53Z" finished-at="2016-01-20T15:10:54Z">
          <reporter-output>
          </reporter-output>
        </test-method> <!-- EmailVerify -->
        <test-method status="PASS" signature="createANewAcc()[pri:0, instance:testCase.TestCaseForCreateIndiviualProviderAc@135b478]" name="createANewAcc" duration-ms="2308" started-at="2016-01-20T15:10:54Z" finished-at="2016-01-20T15:10:57Z">
          <reporter-output>
          </reporter-output>
        </test-method> <!-- createANewAcc -->
      </class> <!-- testCase.TestCaseForCreateIndiviualProviderAc -->
      <class name="testCase.TestCaseForCreateMemberAcWithLogin">
        <test-method status="PASS" signature="loginIntoApplication()[pri:0, instance:testCase.TestCaseForCreateMemberAcWithLogin@af6cff]" name="loginIntoApplication" duration-ms="6296" started-at="2016-01-20T15:10:21Z" finished-at="2016-01-20T15:10:27Z">
          <reporter-output>
          </reporter-output>
        </test-method> <!-- loginIntoApplication -->
        <test-method status="PASS" signature="navigateToAccountPage()[pri:0, instance:testCase.TestCaseForCreateMemberAcWithLogin@af6cff]" name="navigateToAccountPage" duration-ms="2646" started-at="2016-01-20T15:10:27Z" finished-at="2016-01-20T15:10:30Z">
          <reporter-output>
          </reporter-output>
        </test-method> <!-- navigateToAccountPage -->
        <test-method status="PASS" signature="enterBlankDataIntoMemberAc()[pri:0, instance:testCase.TestCaseForCreateMemberAcWithLogin@af6cff]" name="enterBlankDataIntoMemberAc" duration-ms="1309" started-at="2016-01-20T15:10:30Z" finished-at="2016-01-20T15:10:31Z">
          <reporter-output>
          </reporter-output>
        </test-method> <!-- enterBlankDataIntoMemberAc -->
        <test-method status="PASS" signature="enterInvalidSsn()[pri:0, instance:testCase.TestCaseForCreateMemberAcWithLogin@af6cff]" name="enterInvalidSsn" duration-ms="1415" started-at="2016-01-20T15:10:31Z" finished-at="2016-01-20T15:10:33Z">
          <reporter-output>
          </reporter-output>
        </test-method> <!-- enterInvalidSsn -->
        <test-method status="PASS" signature="enterInvalidDate()[pri:0, instance:testCase.TestCaseForCreateMemberAcWithLogin@af6cff]" name="enterInvalidDate" duration-ms="1632" started-at="2016-01-20T15:10:33Z" finished-at="2016-01-20T15:10:34Z">
          <reporter-output>
          </reporter-output>
        </test-method> <!-- enterInvalidDate -->
        <test-method status="PASS" signature="enterInvalidEmail()[pri:0, instance:testCase.TestCaseForCreateMemberAcWithLogin@af6cff]" name="enterInvalidEmail" duration-ms="1428" started-at="2016-01-20T15:10:34Z" finished-at="2016-01-20T15:10:36Z">
          <reporter-output>
          </reporter-output>
        </test-method> <!-- enterInvalidEmail -->
        <test-method status="PASS" signature="createAMemberAcWithValidData()[pri:0, instance:testCase.TestCaseForCreateMemberAcWithLogin@af6cff]" name="createAMemberAcWithValidData" duration-ms="2697" started-at="2016-01-20T15:10:36Z" finished-at="2016-01-20T15:10:38Z">
          <reporter-output>
          </reporter-output>
        </test-method> <!-- createAMemberAcWithValidData -->
      </class> <!-- testCase.TestCaseForCreateMemberAcWithLogin -->
      <class name="testCase.TestCaseForCreateNonIndiviualProviderAc">
        <test-method status="PASS" signature="validLoginForNewAcCreate()[pri:0, instance:testCase.TestCaseForCreateNonIndiviualProviderAc@9f9fb0]" name="validLoginForNewAcCreate" duration-ms="11480" started-at="2016-01-20T15:10:57Z" finished-at="2016-01-20T15:11:08Z">
          <reporter-output>
          </reporter-output>
        </test-method> <!-- validLoginForNewAcCreate -->
        <test-method status="FAIL" signature="blankSubmit()[pri:0, instance:testCase.TestCaseForCreateNonIndiviualProviderAc@9f9fb0]" name="blankSubmit" duration-ms="4028" started-at="2016-01-20T15:11:08Z" finished-at="2016-01-20T15:11:12Z">
          <exception class="org.openqa.selenium.remote.UnreachableBrowserException">
            <message>
              <![CDATA[Error communicating with the remote browser. It may have died.
Build info: version: '2.48.2', revision: '41bccdd', time: '2015-10-09 19:55:52'
System info: host: '01250LT2368', ip: '10.8.44.138', os.name: 'Windows 7', os.arch: 'x86', os.version: '6.1', java.version: '1.8.0_60'
Driver info: driver.version: RemoteWebDriver]]>
            </message>
            <full-stacktrace>
              <![CDATA[org.openqa.selenium.remote.UnreachableBrowserException: Error communicating with the remote browser. It may have died.
Build info: version: '2.48.2', revision: '41bccdd', time: '2015-10-09 19:55:52'
System info: host: '01250LT2368', ip: '10.8.44.138', os.name: 'Windows 7', os.arch: 'x86', os.version: '6.1', java.version: '1.8.0_60'
Driver info: driver.version: RemoteWebDriver
	at org.openqa.selenium.remote.RemoteWebDriver.execute(RemoteWebDriver.java:641)
	at org.openqa.selenium.remote.RemoteWebDriver.execute(RemoteWebDriver.java:670)
	at org.openqa.selenium.remote.RemoteWebDriver.quit(RemoteWebDriver.java:516)
	at testCase.TestCaseForCreateNonIndiviualProviderAc.blankSubmit(TestCaseForCreateNonIndiviualProviderAc.java:48)
	at sun.reflect.NativeMethodAccessorImpl.invoke0(Native Method)
	at sun.reflect.NativeMethodAccessorImpl.invoke(Unknown Source)
	at sun.reflect.DelegatingMethodAccessorImpl.invoke(Unknown Source)
	at java.lang.reflect.Method.invoke(Unknown Source)
	at org.testng.internal.MethodInvocationHelper.invokeMethod(MethodInvocationHelper.java:85)
	at org.testng.internal.Invoker.invokeMethod(Invoker.java:639)
	at org.testng.internal.Invoker.invokeTestMethod(Invoker.java:821)
	at org.testng.internal.Invoker.invokeTestMethods(Invoker.java:1131)
	at org.testng.internal.TestMethodWorker.invokeTestMethods(TestMethodWorker.java:124)
	at org.testng.internal.TestMethodWorker.run(TestMethodWorker.java:108)
	at org.testng.TestRunner.privateRun(TestRunner.java:773)
	at org.testng.TestRunner.run(TestRunner.java:623)
	at org.testng.SuiteRunner.runTest(SuiteRunner.java:357)
	at org.testng.SuiteRunner.runSequentially(SuiteRunner.java:352)
	at org.testng.SuiteRunner.privateRun(SuiteRunner.java:310)
	at org.testng.SuiteRunner.run(SuiteRunner.java:259)
	at org.testng.SuiteRunnerWorker.runSuite(SuiteRunnerWorker.java:52)
	at org.testng.SuiteRunnerWorker.run(SuiteRunnerWorker.java:86)
	at org.testng.TestNG.runSuitesSequentially(TestNG.java:1185)
	at org.testng.TestNG.runSuitesLocally(TestNG.java:1110)
	at org.testng.TestNG.run(TestNG.java:1018)
	at org.testng.remote.RemoteTestNG.run(RemoteTestNG.java:111)
	at org.testng.remote.RemoteTestNG.initAndRun(RemoteTestNG.java:204)
	at org.testng.remote.RemoteTestNG.main(RemoteTestNG.java:175)
Caused by: java.lang.RuntimeException: Process refused to die after 10 seconds, and couldn't taskkill it: Unable to find executable for: taskkill
	at org.openqa.selenium.os.ProcessUtils.killWinProcess(ProcessUtils.java:142)
	at org.openqa.selenium.os.ProcessUtils.killProcess(ProcessUtils.java:81)
	at org.openqa.selenium.os.UnixProcess$SeleniumWatchDog.destroyHarder(UnixProcess.java:247)
	at org.openqa.selenium.os.UnixProcess$SeleniumWatchDog.access$2(UnixProcess.java:246)
	at org.openqa.selenium.os.UnixProcess.destroy(UnixProcess.java:125)
	at org.openqa.selenium.os.CommandLine.destroy(CommandLine.java:155)
	at org.openqa.selenium.remote.service.DriverService.stop(DriverService.java:196)
	at org.openqa.selenium.remote.service.DriverCommandExecutor.execute(DriverCommandExecutor.java:94)
	at org.openqa.selenium.remote.RemoteWebDriver.execute(RemoteWebDriver.java:620)
	... 27 more
Caused by: java.lang.NullPointerException: Unable to find executable for: taskkill
	at com.google.common.base.Preconditions.checkNotNull(Preconditions.java:250)
	at org.openqa.selenium.os.UnixProcess.<init>(UnixProcess.java:62)
	at org.openqa.selenium.os.CommandLine.<init>(CommandLine.java:38)
	at org.openqa.selenium.os.WindowsUtils.killPID(WindowsUtils.java:178)
	at org.openqa.selenium.os.ProcessUtils.killWinProcess(ProcessUtils.java:138)
	... 35 more
]]>
            </full-stacktrace>
          </exception> <!-- org.openqa.selenium.remote.UnreachableBrowserException -->
          <reporter-output>
          </reporter-output>
        </test-method> <!-- blankSubmit -->
      </class> <!-- testCase.TestCaseForCreateNonIndiviualProviderAc -->
    </test> <!-- Test3 -->
  </suite> <!-- Suite -->
</testng-results>
